sample/build/outputs/logs/manifest-merger-debug-report.txt
-- Merging decision tree log ---
manifest
ADDED from src\main\AndroidManifest.xml:2:1-81:12
INJECTED from src\main\AndroidManifest.xml:2:1-81:12
INJECTED from src\main\AndroidManifest.xml:2:1-81:12
MERGED from [:zxing-android-embedded] AndroidManifest.xml:17:1-55:12
MERGED from [com.android.support:design:25.3.1] AndroidManifest.xml:17:1-31:12
MERGED from [com.android.support:appcompat-v7:25.3.1] AndroidManifest.xml:17:1-31:12
MERGED from [com.android.support:support-v13:25.2.0] AndroidManifest.xml:17:1-27:12
MERGED from [com.android.support:transition:25.3.1] AndroidManifest.xml:17:1-28:12
MERGED from [com.android.support:support-v4:25.3.1] AndroidManifest.xml:17:1-31:12
MERGED from [com.android.support:animated-vector-drawable:25.3.1] AndroidManifest.xml:17:1-28:12
MERGED from [com.android.support:support-vector-drawable:25.3.1] AndroidManifest.xml:17:1-28:12
MERGED from [com.android.support:recyclerview-v7:25.3.1] AndroidManifest.xml:17:1-26:12
MERGED from [com.android.support:support-fragment:25.3.1] AndroidManifest.xml:17:1-31:12
MERGED from [com.android.support:support-core-ui:25.3.1] AndroidManifest.xml:17:1-31:12
MERGED from [com.android.support:support-media-compat:25.3.1] AndroidManifest.xml:17:1-31:12
MERGED from [com.android.support:support-core-utils:25.3.1] AndroidManifest.xml:17:1-31:12
MERGED from [com.android.support:support-compat:25.3.1] AndroidManifest.xml:17:1-31:12
INJECTED from src\main\AndroidManifest.xml:2:1-81:12
INJECTED from src\main\AndroidManifest.xml:2:1-81:12
	package
		ADDED from src\main\AndroidManifest.xml:3:5-28
	android:versionName
		INJECTED from src\main\AndroidManifest.xml
		ADDED from src\main\AndroidManifest.xml:2:1-81:12
		INJECTED from src\main\AndroidManifest.xml
	android:versionCode
		INJECTED from src\main\AndroidManifest.xml
		ADDED from src\main\AndroidManifest.xml:2:1-81:12
		INJECTED from src\main\AndroidManifest.xml
	xmlns:android
		ADDED from src\main\AndroidManifest.xml:2:11-69
uses-permission#android.permission.CAMERA
ADDED from src\main\AndroidManifest.xml:5:5-64
MERGED from [:zxing-android-embedded] AndroidManifest.xml:21:5-65
MERGED from [:zxing-android-embedded] AndroidManifest.xml:21:5-65
	android:name
		ADDED from src\main\AndroidManifest.xml:5:22-62
uses-permission#android.permission.INTERNET
ADDED from src\main\AndroidManifest.xml:6:5-67
	android:name
		ADDED from src\main\AndroidManifest.xml:6:22-64
uses-permission#android.permission.ACCESS_NETWORK_STATE
ADDED from src\main\AndroidManifest.xml:7:5-79
	android:name
		ADDED from src\main\AndroidManifest.xml:7:22-76
uses-permission#android.permission.VIBRATE
ADDED from src\main\AndroidManifest.xml:8:5-65
	android:name
		ADDED from src\main\AndroidManifest.xml:8:22-63
uses-permission#android.permission.READ_PHONE_STATE
ADDED from src\main\AndroidManifest.xml:9:5-75
	android:name
		ADDED from src\main\AndroidManifest.xml:9:22-72
uses-permission#android.permission.ACCESS_FINE_LOCATION
ADDED from src\main\AndroidManifest.xml:10:5-79
	android:name
		ADDED from src\main\AndroidManifest.xml:10:22-76
application
ADDED from src\main\AndroidManifest.xml:12:5-79:19
MERGED from [:zxing-android-embedded] AndroidManifest.xml:45:5-53:19
MERGED from [:zxing-android-embedded] AndroidManifest.xml:45:5-53:19
MERGED from [com.android.support:design:25.3.1] AndroidManifest.xml:29:5-20
MERGED from [com.android.support:design:25.3.1] AndroidManifest.xml:29:5-20
MERGED from [com.android.support:appcompat-v7:25.3.1] AndroidManifest.xml:29:5-20
MERGED from [com.android.support:appcompat-v7:25.3.1] AndroidManifest.xml:29:5-20
MERGED from [com.android.support:support-v13:25.2.0] AndroidManifest.xml:25:5-20
MERGED from [com.android.support:support-v13:25.2.0] AndroidManifest.xml:25:5-20
MERGED from [com.android.support:transition:25.3.1] AndroidManifest.xml:26:5-20
MERGED from [com.android.support:transition:25.3.1] AndroidManifest.xml:26:5-20
MERGED from [com.android.support:support-v4:25.3.1] AndroidManifest.xml:29:5-20
MERGED from [com.android.support:support-v4:25.3.1] AndroidManifest.xml:29:5-20
MERGED from [com.android.support:animated-vector-drawable:25.3.1] AndroidManifest.xml:26:5-20
MERGED from [com.android.support:animated-vector-drawable:25.3.1] AndroidManifest.xml:26:5-20
MERGED from [com.android.support:support-vector-drawable:25.3.1] AndroidManifest.xml:26:5-20
MERGED from [com.android.support:support-vector-drawable:25.3.1] AndroidManifest.xml:26:5-20
MERGED from [com.android.support:support-fragment:25.3.1] AndroidManifest.xml:29:5-20
MERGED from [com.android.support:support-fragment:25.3.1] AndroidManifest.xml:29:5-20
MERGED from [com.android.support:support-core-ui:25.3.1] AndroidManifest.xml:29:5-20
MERGED from [com.android.support:support-core-ui:25.3.1] AndroidManifest.xml:29:5-20
MERGED from [com.android.support:support-media-compat:25.3.1] AndroidManifest.xml:29:5-20
MERGED from [com.android.support:support-media-compat:25.3.1] AndroidManifest.xml:29:5-20
MERGED from [com.android.support:support-core-utils:25.3.1] AndroidManifest.xml:29:5-20
MERGED from [com.android.support:support-core-utils:25.3.1] AndroidManifest.xml:29:5-20
MERGED from [com.android.support:support-compat:25.3.1] AndroidManifest.xml:29:5-20
MERGED from [com.android.support:support-compat:25.3.1] AndroidManifest.xml:29:5-20
	android:label
		ADDED from src\main\AndroidManifest.xml:16:9-41
	android:icon
		ADDED from src\main\AndroidManifest.xml:15:9-38
	android:allowBackup
		ADDED from src\main\AndroidManifest.xml:14:9-35
	android:name
		ADDED from src\main\AndroidManifest.xml:13:9-42
activity#example.zxing.MainActivity
ADDED from src\main\AndroidManifest.xml:17:9-26:20
	android:label
		ADDED from src\main\AndroidManifest.xml:19:13-45
	android:theme
		ADDED from src\main\AndroidManifest.xml:20:13-60
	android:name
		ADDED from src\main\AndroidManifest.xml:18:13-41
intent-filter#android.intent.action.MAIN+android.intent.category.LAUNCHER
ADDED from src\main\AndroidManifest.xml:21:13-25:29
action#android.intent.action.MAIN
ADDED from src\main\AndroidManifest.xml:22:17-69
	android:name
		ADDED from src\main\AndroidManifest.xml:22:25-66
category#android.intent.category.LAUNCHER
ADDED from src\main\AndroidManifest.xml:24:17-77
	android:name
		ADDED from src\main\AndroidManifest.xml:24:27-74
activity#example.zxing.ScanActivity
ADDED from src\main\AndroidManifest.xml:28:9-34:68
	android:screenOrientation
		ADDED from src\main\AndroidManifest.xml:31:13-49
	android:clearTaskOnLaunch
		ADDED from src\main\AndroidManifest.xml:30:13-45
	android:stateNotNeeded
		ADDED from src\main\AndroidManifest.xml:32:13-42
	android:windowSoftInputMode
		ADDED from src\main\AndroidManifest.xml:34:13-56
	android:theme
		ADDED from src\main\AndroidManifest.xml:33:13-57
	android:name
		ADDED from src\main\AndroidManifest.xml:29:13-41
activity#example.zxing.HistoryActivity
ADDED from src\main\AndroidManifest.xml:36:9-42:68
	android:screenOrientation
		ADDED from src\main\AndroidManifest.xml:39:13-49
	android:clearTaskOnLaunch
		ADDED from src\main\AndroidManifest.xml:38:13-45
	android:stateNotNeeded
		ADDED from src\main\AndroidManifest.xml:40:13-42
	android:windowSoftInputMode
		ADDED from src\main\AndroidManifest.xml:42:13-56
	android:theme
		ADDED from src\main\AndroidManifest.xml:41:13-57
	android:name
		ADDED from src\main\AndroidManifest.xml:37:13-44
activity#example.zxing.FavoriteActivity
ADDED from src\main\AndroidManifest.xml:44:9-50:68
	android:screenOrientation
		ADDED from src\main\AndroidManifest.xml:47:13-49
	android:clearTaskOnLaunch
		ADDED from src\main\AndroidManifest.xml:46:13-45
	android:stateNotNeeded
		ADDED from src\main\AndroidManifest.xml:48:13-42
	android:windowSoftInputMode
		ADDED from src\main\AndroidManifest.xml:50:13-56
	android:theme
		ADDED from src\main\AndroidManifest.xml:49:13-57
	android:name
		ADDED from src\main\AndroidManifest.xml:45:13-45
activity#example.zxing.MoreActivity
ADDED from src\main\AndroidManifest.xml:51:9-57:68
	android:screenOrientation
		ADDED from src\main\AndroidManifest.xml:54:13-49
	android:clearTaskOnLaunch
		ADDED from src\main\AndroidManifest.xml:53:13-45
	android:stateNotNeeded
		ADDED from src\main\AndroidManifest.xml:55:13-42
	android:windowSoftInputMode
		ADDED from src\main\AndroidManifest.xml:57:13-56
	android:theme
		ADDED from src\main\AndroidManifest.xml:56:13-57
	android:name
		ADDED from src\main\AndroidManifest.xml:52:13-41
activity#example.zxing.DetailActivity
ADDED from src\main\AndroidManifest.xml:58:9-64:68
	android:screenOrientation
		ADDED from src\main\AndroidManifest.xml:61:13-49
	android:clearTaskOnLaunch
		ADDED from src\main\AndroidManifest.xml:60:13-45
	android:stateNotNeeded
		ADDED from src\main\AndroidManifest.xml:62:13-42
	android:windowSoftInputMode
		ADDED from src\main\AndroidManifest.xml:64:13-56
	android:theme
		ADDED from src\main\AndroidManifest.xml:63:13-57
	android:name
		ADDED from src\main\AndroidManifest.xml:59:13-43
activity#example.zxing.MoreDetailActivity
ADDED from src\main\AndroidManifest.xml:65:9-71:68
	android:screenOrientation
		ADDED from src\main\AndroidManifest.xml:68:13-49
	android:clearTaskOnLaunch
		ADDED from src\main\AndroidManifest.xml:67:13-45
	android:stateNotNeeded
		ADDED from src\main\AndroidManifest.xml:69:13-42
	android:windowSoftInputMode
		ADDED from src\main\AndroidManifest.xml:71:13-56
	android:theme
		ADDED from src\main\AndroidManifest.xml:70:13-57
	android:name
		ADDED from src\main\AndroidManifest.xml:66:13-47
activity#example.zxing.LanguageActivity
ADDED from src\main\AndroidManifest.xml:72:9-78:68
	android:screenOrientation
		ADDED from src\main\AndroidManifest.xml:75:13-49
	android:clearTaskOnLaunch
		ADDED from src\main\AndroidManifest.xml:74:13-45
	android:stateNotNeeded
		ADDED from src\main\AndroidManifest.xml:76:13-42
	android:windowSoftInputMode
		ADDED from src\main\AndroidManifest.xml:78:13-56
	android:theme
		ADDED from src\main\AndroidManifest.xml:77:13-57
	android:name
		ADDED from src\main\AndroidManifest.xml:73:13-45
uses-sdk
INJECTED from src\main\AndroidManifest.xml reason: use-sdk injection requested
INJECTED from src\main\AndroidManifest.xml
INJECTED from src\main\AndroidManifest.xml
MERGED from [:zxing-android-embedded] AndroidManifest.xml:19:5-43
MERGED from [:zxing-android-embedded] AndroidManifest.xml:19:5-43
MERGED from [com.android.support:design:25.3.1] AndroidManifest.xml:21:5-23:62
MERGED from [com.android.support:design:25.3.1] AndroidManifest.xml:21:5-23:62
MERGED from [com.android.support:appcompat-v7:25.3.1] AndroidManifest.xml:21:5-23:78
MERGED from [com.android.support:appcompat-v7:25.3.1] AndroidManifest.xml:21:5-23:78
MERGED from [com.android.support:support-v13:25.2.0] AndroidManifest.xml:21:5-23:55
MERGED from [com.android.support:support-v13:25.2.0] AndroidManifest.xml:21:5-23:55
MERGED from [com.android.support:transition:25.3.1] AndroidManifest.xml:20:5-44
MERGED from [com.android.support:transition:25.3.1] AndroidManifest.xml:20:5-44
MERGED from [com.android.support:support-v4:25.3.1] AndroidManifest.xml:21:5-23:54
MERGED from [com.android.support:support-v4:25.3.1] AndroidManifest.xml:21:5-23:54
MERGED from [com.android.support:animated-vector-drawable:25.3.1] AndroidManifest.xml:20:5-44
MERGED from [com.android.support:animated-vector-drawable:25.3.1] AndroidManifest.xml:20:5-44
MERGED from [com.android.support:support-vector-drawable:25.3.1] AndroidManifest.xml:20:5-43
MERGED from [com.android.support:support-vector-drawable:25.3.1] AndroidManifest.xml:20:5-43
MERGED from [com.android.support:recyclerview-v7:25.3.1] AndroidManifest.xml:20:5-43
MERGED from [com.android.support:recyclerview-v7:25.3.1] AndroidManifest.xml:20:5-43
MERGED from [com.android.support:support-fragment:25.3.1] AndroidManifest.xml:21:5-23:60
MERGED from [com.android.support:support-fragment:25.3.1] AndroidManifest.xml:21:5-23:60
MERGED from [com.android.support:support-core-ui:25.3.1] AndroidManifest.xml:21:5-23:58
MERGED from [com.android.support:support-core-ui:25.3.1] AndroidManifest.xml:21:5-23:58
MERGED from [com.android.support:support-media-compat:25.3.1] AndroidManifest.xml:21:5-23:63
MERGED from [com.android.support:support-media-compat:25.3.1] AndroidManifest.xml:21:5-23:63
MERGED from [com.android.support:support-core-utils:25.3.1] AndroidManifest.xml:21:5-23:61
MERGED from [com.android.support:support-core-utils:25.3.1] AndroidManifest.xml:21:5-23:61
MERGED from [com.android.support:support-compat:25.3.1] AndroidManifest.xml:21:5-23:58
MERGED from [com.android.support:support-compat:25.3.1] AndroidManifest.xml:21:5-23:58
INJECTED from src\main\AndroidManifest.xml
INJECTED from src\main\AndroidManifest.xml
	tools:overrideLibrary
		ADDED from [com.android.support:design:25.3.1] AndroidManifest.xml:23:9-59
	android:targetSdkVersion
		INJECTED from src\main\AndroidManifest.xml
		ADDED from src\main\AndroidManifest.xml
		INJECTED from src\main\AndroidManifest.xml
	android:minSdkVersion
		INJECTED from src\main\AndroidManifest.xml
		ADDED from src\main\AndroidManifest.xml
		INJECTED from src\main\AndroidManifest.xml
uses-feature#android.hardware.camera
ADDED from [:zxing-android-embedded] AndroidManifest.xml:24:5-26:36
	android:required
		ADDED from [:zxing-android-embedded] AndroidManifest.xml:26:9-33
	android:name
		ADDED from [:zxing-android-embedded] AndroidManifest.xml:25:9-47
uses-feature#android.hardware.camera.front
ADDED from [:zxing-android-embedded] AndroidManifest.xml:27:5-29:36
	android:required
		ADDED from [:zxing-android-embedded] AndroidManifest.xml:29:9-33
	android:name
		ADDED from [:zxing-android-embedded] AndroidManifest.xml:28:9-53
uses-feature#android.hardware.camera.autofocus
ADDED from [:zxing-android-embedded] AndroidManifest.xml:32:5-34:36
	android:required
		ADDED from [:zxing-android-embedded] AndroidManifest.xml:34:9-33
	android:name
		ADDED from [:zxing-android-embedded] AndroidManifest.xml:33:9-57
uses-feature#android.hardware.camera.flash
ADDED from [:zxing-android-embedded] AndroidManifest.xml:35:5-37:36
	android:required
		ADDED from [:zxing-android-embedded] AndroidManifest.xml:37:9-33
	android:name
		ADDED from [:zxing-android-embedded] AndroidManifest.xml:36:9-53
uses-feature#android.hardware.screen.landscape
ADDED from [:zxing-android-embedded] AndroidManifest.xml:38:5-40:36
	android:required
		ADDED from [:zxing-android-embedded] AndroidManifest.xml:40:9-33
	android:name
		ADDED from [:zxing-android-embedded] AndroidManifest.xml:39:9-57
uses-feature#android.hardware.wifi
ADDED from [:zxing-android-embedded] AndroidManifest.xml:41:5-43:36
	android:required
		ADDED from [:zxing-android-embedded] AndroidManifest.xml:43:9-33
	android:name
		ADDED from [:zxing-android-embedded] AndroidManifest.xml:42:9-45
activity#com.journeyapps.barcodescanner.CaptureActivity
ADDED from [:zxing-android-embedded] AndroidManifest.xml:46:9-52:63
	android:screenOrientation
		ADDED from [:zxing-android-embedded] AndroidManifest.xml:49:13-56
	android:clearTaskOnLaunch
		ADDED from [:zxing-android-embedded] AndroidManifest.xml:48:13-45
	android:stateNotNeeded
		ADDED from [:zxing-android-embedded] AndroidManifest.xml:50:13-42
	android:windowSoftInputMode
		ADDED from [:zxing-android-embedded] AndroidManifest.xml:52:13-60
	android:theme
		ADDED from [:zxing-android-embedded] AndroidManifest.xml:51:13-54
	android:name
		ADDED from [:zxing-android-embedded] AndroidManifest.xml:47:13-74
meta-data#android.support.VERSION
ADDED from [com.android.support:design:25.3.1] AndroidManifest.xml:25:5-27:34
MERGED from [com.android.support:appcompat-v7:25.3.1] AndroidManifest.xml:25:5-27:34
MERGED from [com.android.support:appcompat-v7:25.3.1] AndroidManifest.xml:25:5-27:34
MERGED from [com.android.support:transition:25.3.1] AndroidManifest.xml:22:5-24:34
MERGED from [com.android.support:transition:25.3.1] AndroidManifest.xml:22:5-24:34
MERGED from [com.android.support:support-v4:25.3.1] AndroidManifest.xml:25:5-27:34
MERGED from [com.android.support:support-v4:25.3.1] AndroidManifest.xml:25:5-27:34
MERGED from [com.android.support:animated-vector-drawable:25.3.1] AndroidManifest.xml:22:5-24:34
MERGED from [com.android.support:animated-vector-drawable:25.3.1] AndroidManifest.xml:22:5-24:34
MERGED from [com.android.support:support-vector-drawable:25.3.1] AndroidManifest.xml:22:5-24:34
MERGED from [com.android.support:support-vector-drawable:25.3.1] AndroidManifest.xml:22:5-24:34
MERGED from [com.android.support:recyclerview-v7:25.3.1] AndroidManifest.xml:22:5-24:34
MERGED from [com.android.support:recyclerview-v7:25.3.1] AndroidManifest.xml:22:5-24:34
MERGED from [com.android.support:support-fragment:25.3.1] AndroidManifest.xml:25:5-27:34
MERGED from [com.android.support:support-fragment:25.3.1] AndroidManifest.xml:25:5-27:34
MERGED from [com.android.support:support-core-ui:25.3.1] AndroidManifest.xml:25:5-27:34
MERGED from [com.android.support:support-core-ui:25.3.1] AndroidManifest.xml:25:5-27:34
MERGED from [com.android.support:support-media-compat:25.3.1] AndroidManifest.xml:25:5-27:34
MERGED from [com.android.support:support-media-compat:25.3.1] AndroidManifest.xml:25:5-27:34
MERGED from [com.android.support:support-core-utils:25.3.1] AndroidManifest.xml:25:5-27:34
MERGED from [com.android.support:support-core-utils:25.3.1] AndroidManifest.xml:25:5-27:34
MERGED from [com.android.support:support-compat:25.3.1] AndroidManifest.xml:25:5-27:34
MERGED from [com.android.support:support-compat:25.3.1] AndroidManifest.xml:25:5-27:34
	android:value
		ADDED from [com.android.support:design:25.3.1] AndroidManifest.xml:27:9-31
	android:name
		ADDED from [com.android.support:design:25.3.1] AndroidManifest.xml:26:9-47